<?xml version="1.0" ?>
<!DOCTYPE coverage SYSTEM "http://cobertura.sourceforge.net/xml/coverage-04.dtd">
<coverage lines-valid="72" lines-covered="63" line-rate="0.875" branches-valid="23" branches-covered="19" branch-rate="0.826" timestamp="1719804434472" complexity="0" version="0.1">
  <sources>
    <source>/Users/ujjavala.singh/code/POCs/redux-slice-demo</source>
  </sources>
  <packages>
    <package name="App" line-rate="1" branch-rate="0.5">
      <classes>
        <class name="App.js" filename="src/App/App.js" line-rate="1" branch-rate="0.5">
          <methods>
            <method name="App" hits="1" signature="()V">
              <lines>
                <line number="14" hits="1"/>
              </lines>
            </method>
          </methods>
          <lines>
            <line number="15" hits="1" branch="false"/>
            <line number="28" hits="1" branch="false"/>
            <line number="29" hits="1" branch="true" condition-coverage="50% (1/2)"/>
            <line number="30" hits="1" branch="false"/>
          </lines>
        </class>
      </classes>
    </package>
    <package name="AppRoutes" line-rate="1" branch-rate="1">
      <classes>
        <class name="AppRoutes.js" filename="src/AppRoutes/AppRoutes.js" line-rate="1" branch-rate="1">
          <methods>
            <method name="AppRoutes" hits="2" signature="()V">
              <lines>
                <line number="9" hits="2"/>
              </lines>
            </method>
          </methods>
          <lines>
            <line number="10" hits="2" branch="false"/>
          </lines>
        </class>
      </classes>
    </package>
    <package name="components.PageAlert" line-rate="1" branch-rate="1">
      <classes>
        <class name="PageAlert.js" filename="src/components/PageAlert/PageAlert.js" line-rate="1" branch-rate="1">
          <methods>
            <method name="(anonymous_0)" hits="8" signature="()V">
              <lines>
                <line number="4" hits="8"/>
              </lines>
            </method>
            <method name="(anonymous_1)" hits="1" signature="()V">
              <lines>
                <line number="7" hits="1"/>
              </lines>
            </method>
          </methods>
          <lines>
            <line number="4" hits="3" branch="false"/>
            <line number="5" hits="8" branch="false"/>
            <line number="8" hits="1" branch="false"/>
          </lines>
        </class>
      </classes>
    </package>
    <package name="lib" line-rate="1" branch-rate="0.6666">
      <classes>
        <class name="constants.js" filename="src/lib/constants.js" line-rate="1" branch-rate="1">
          <methods>
          </methods>
          <lines>
            <line number="2" hits="3" branch="false"/>
          </lines>
        </class>
        <class name="mockStoreWrapper.js" filename="src/lib/mockStoreWrapper.js" line-rate="1" branch-rate="0.6666">
          <methods>
            <method name="renderWithProviders" hits="1" signature="()V">
              <lines>
                <line number="14" hits="1"/>
              </lines>
            </method>
            <method name="Wrapper" hits="1" signature="()V">
              <lines>
                <line number="22" hits="1"/>
              </lines>
            </method>
          </methods>
          <lines>
            <line number="11" hits="1" branch="false"/>
            <line number="23" hits="1" branch="false"/>
            <line number="26" hits="1" branch="false"/>
            <line number="30" hits="1" branch="false"/>
          </lines>
        </class>
      </classes>
    </package>
    <package name="repositories" line-rate="0.72" branch-rate="0.5">
      <classes>
        <class name="studentDetails.js" filename="src/repositories/studentDetails.js" line-rate="0.72" branch-rate="0.5">
          <methods>
            <method name="(anonymous_0)" hits="4" signature="()V">
              <lines>
                <line number="13" hits="4"/>
              </lines>
            </method>
            <method name="(anonymous_1)" hits="4" signature="()V">
              <lines>
                <line number="13" hits="4"/>
              </lines>
            </method>
            <method name="(anonymous_2)" hits="2" signature="()V">
              <lines>
                <line number="44" hits="2"/>
              </lines>
            </method>
            <method name="(anonymous_3)" hits="2" signature="()V">
              <lines>
                <line number="44" hits="2"/>
              </lines>
            </method>
            <method name="(anonymous_4)" hits="3" signature="()V">
              <lines>
                <line number="60" hits="3"/>
              </lines>
            </method>
            <method name="(anonymous_5)" hits="1" signature="()V">
              <lines>
                <line number="60" hits="1"/>
              </lines>
            </method>
          </methods>
          <lines>
            <line number="13" hits="4" branch="false"/>
            <line number="14" hits="4" branch="false"/>
            <line number="15" hits="4" branch="false"/>
            <line number="16" hits="4" branch="false"/>
            <line number="33" hits="4" branch="false"/>
            <line number="34" hits="4" branch="false"/>
            <line number="36" hits="0" branch="false"/>
            <line number="37" hits="0" branch="false"/>
            <line number="38" hits="0" branch="false"/>
            <line number="40" hits="4" branch="false"/>
            <line number="44" hits="3" branch="false"/>
            <line number="45" hits="2" branch="false"/>
            <line number="46" hits="2" branch="false"/>
            <line number="47" hits="2" branch="true" condition-coverage="50% (1/2)"/>
            <line number="48" hits="2" branch="true" condition-coverage="50% (1/2)"/>
            <line number="49" hits="2" branch="false"/>
            <line number="50" hits="2" branch="false"/>
            <line number="52" hits="0" branch="false"/>
            <line number="53" hits="0" branch="false"/>
            <line number="54" hits="0" branch="false"/>
            <line number="56" hits="2" branch="false"/>
            <line number="60" hits="3" branch="false"/>
            <line number="61" hits="1" branch="false"/>
            <line number="62" hits="1" branch="false"/>
            <line number="64" hits="0" branch="false"/>
          </lines>
        </class>
      </classes>
    </package>
    <package name="store" line-rate="0.95" branch-rate="1">
      <classes>
        <class name="studentSlice.js" filename="src/store/studentSlice.js" line-rate="0.95" branch-rate="1">
          <methods>
            <method name="(anonymous_0)" hits="3" signature="()V">
              <lines>
                <line number="29" hits="3"/>
              </lines>
            </method>
            <method name="(anonymous_1)" hits="3" signature="()V">
              <lines>
                <line number="31" hits="3"/>
              </lines>
            </method>
            <method name="(anonymous_2)" hits="6" signature="()V">
              <lines>
                <line number="32" hits="6"/>
              </lines>
            </method>
            <method name="(anonymous_3)" hits="1" signature="()V">
              <lines>
                <line number="41" hits="1"/>
              </lines>
            </method>
            <method name="(anonymous_4)" hits="0" signature="()V">
              <lines>
                <line number="45" hits="0"/>
              </lines>
            </method>
            <method name="(anonymous_5)" hits="3" signature="()V">
              <lines>
                <line number="49" hits="3"/>
              </lines>
            </method>
            <method name="(anonymous_6)" hits="3" signature="()V">
              <lines>
                <line number="53" hits="3"/>
              </lines>
            </method>
            <method name="(anonymous_7)" hits="2" signature="()V">
              <lines>
                <line number="57" hits="2"/>
              </lines>
            </method>
            <method name="(anonymous_8)" hits="4" signature="()V">
              <lines>
                <line number="61" hits="4"/>
              </lines>
            </method>
            <method name="(anonymous_9)" hits="9" signature="()V">
              <lines>
                <line number="70" hits="9"/>
              </lines>
            </method>
          </methods>
          <lines>
            <line number="3" hits="4" branch="false"/>
            <line number="23" hits="4" branch="false"/>
            <line number="30" hits="3" branch="false"/>
            <line number="31" hits="3" branch="false"/>
            <line number="32" hits="6" branch="false"/>
            <line number="34" hits="3" branch="false"/>
            <line number="35" hits="3" branch="false"/>
            <line number="36" hits="3" branch="false"/>
            <line number="37" hits="3" branch="false"/>
            <line number="38" hits="3" branch="false"/>
            <line number="42" hits="1" branch="false"/>
            <line number="46" hits="0" branch="false"/>
            <line number="50" hits="3" branch="false"/>
            <line number="54" hits="3" branch="false"/>
            <line number="58" hits="2" branch="true" condition-coverage="100% (2/2)"/>
            <line number="59" hits="2" branch="true" condition-coverage="100% (2/2)"/>
            <line number="62" hits="4" branch="true" condition-coverage="100% (2/2)"/>
            <line number="63" hits="4" branch="true" condition-coverage="100% (2/2)"/>
            <line number="70" hits="9" branch="false"/>
            <line number="80" hits="4" branch="false"/>
          </lines>
        </class>
      </classes>
    </package>
    <package name="views" line-rate="0.9285" branch-rate="1">
      <classes>
        <class name="StudentPage.js" filename="src/views/StudentPage.js" line-rate="0.9285" branch-rate="1">
          <methods>
            <method name="(anonymous_0)" hits="6" signature="()V">
              <lines>
                <line number="9" hits="6"/>
              </lines>
            </method>
            <method name="(anonymous_1)" hits="0" signature="()V">
              <lines>
                <line number="10" hits="0"/>
              </lines>
            </method>
            <method name="(anonymous_2)" hits="2" signature="()V">
              <lines>
                <line number="22" hits="2"/>
              </lines>
            </method>
          </methods>
          <lines>
            <line number="9" hits="2" branch="false"/>
            <line number="10" hits="6" branch="false"/>
            <line number="11" hits="0" branch="false"/>
            <line number="13" hits="6" branch="false"/>
            <line number="14" hits="6" branch="false"/>
            <line number="15" hits="6" branch="false"/>
            <line number="16" hits="6" branch="false"/>
            <line number="18" hits="6" branch="false"/>
            <line number="19" hits="6" branch="false"/>
            <line number="20" hits="6" branch="false"/>
            <line number="22" hits="6" branch="false"/>
            <line number="23" hits="2" branch="false"/>
            <line number="24" hits="2" branch="false"/>
            <line number="26" hits="6" branch="false"/>
          </lines>
        </class>
      </classes>
    </package>
  </packages>
</coverage>
